<?xml version="1.0" encoding="UTF-8"?>
<!-- Generated by org.testng.reporters.JUnitXMLReporter -->
<testsuite ignored="0" hostname="DESKTOP-DCJJA81" failures="0" tests="3" name="test-1" time="47.936" errors="0" timestamp="2023-03-10T18:23:30 IST">
  <testcase classname="com.orangeHRM.test.OrangeHRM_Login" name="VerifyLoginurlTest" time="11.621"/>
  <testcase classname="com.orangeHRM.test.OrangeHRM_Login" name="VerifyLogintextTest" time="10.254"/>
  <testcase classname="com.orangeHRM.test.OrangeHRM_Login" name="logoVerifyTest" time="3.296"/>
</testsuite> <!-- test-1 -->
