<?xml version="1.0" encoding="UTF-8"?>
<!-- Generated by org.testng.reporters.JUnitReportReporter -->
<testsuite hostname="DESKTOP-DCJJA81" failures="0" tests="9" name="com.orangeHRM.test.OrangeHRM_AddEmployee" time="81.227" errors="0" timestamp="2023-03-08T21:51:23 IST" skipped="2">
  <testcase classname="com.orangeHRM.test.OrangeHRM_AddEmployee" name="urlTest" time="4.589"/>
  <system-out/>
  <testcase classname="com.orangeHRM.test.OrangeHRM_AddEmployee" name="addEmployeesExcel" time="0.001">
    <skipped/>
  </testcase> <!-- addEmployeesExcel -->
  <system-out/>
  <testcase classname="com.orangeHRM.test.OrangeHRM_AddEmployee" name="deleteEmployeesExcel" time="0.001">
    <skipped/>
  </testcase> <!-- deleteEmployeesExcel -->
  <system-out/>
  <testcase classname="com.orangeHRM.test.OrangeHRM_AddEmployee" name="addEmployeesDataBase" time="17.828"/>
  <system-out/>
  <testcase classname="com.orangeHRM.test.OrangeHRM_AddEmployee" name="addEmployeesDataBase" time="17.022"/>
  <system-out/>
  <testcase classname="com.orangeHRM.test.OrangeHRM_AddEmployee" name="addEmployeesDataBase" time="16.754"/>
  <system-out/>
  <testcase classname="com.orangeHRM.test.OrangeHRM_AddEmployee" name="deleteEmployeesDataBase" time="8.451"/>
  <system-out/>
  <testcase classname="com.orangeHRM.test.OrangeHRM_AddEmployee" name="deleteEmployeesDataBase" time="8.094"/>
  <system-out/>
  <testcase classname="com.orangeHRM.test.OrangeHRM_AddEmployee" name="deleteEmployeesDataBase" time="8.487"/>
  <system-out/>
</testsuite> <!-- com.orangeHRM.test.OrangeHRM_AddEmployee -->
